Tests:
TEST Combat (1):
Combat: Turn 1
----
Rincewind randomly casts Poison on Spelling
 - Rincewind spends 173 mana (and now has 77 left)

Combat: Turn 2
 - Spelling takes 3 damage (and has 10 left) {* Poison *}
----
Spelling attacks Rincewind for 8 damage
 - Rincewind takes 8 damage (and has 2 left)

Combat: Turn 3
 - Spelling takes 3 damage (and has 7 left) {* Poison *}
----
Rincewind randomly casts Magic Missile on Spelling
 - Rincewind spends 53 mana (and now has 24 left)
 - Spelling takes 4 damage (and has 3 left) {* Magic Missile *}

Combat: Turn 4
 - Spelling takes 3 damage (and has 0 left) {* Poison *}
** Spelling is dead!
----
OK 'winner' => Rincewind (exp: Rincewind)
OK 'mana spent' => 226 (exp: 226)
OK 'boss hp' => 0 (exp: 0)
OK 'hero hp' => 2 (exp: 2)
TEST Combat (2):
Combat: Turn 1
----
Merlin randomly casts Magic Missile on Mordred
 - Merlin spends 53 mana (and now has 197 left)
 - Mordred takes 4 damage (and has 10 left) {* Magic Missile *}

Combat: Turn 2
----
Mordred attacks Merlin for 8 damage
 - Merlin takes 8 damage (and has 2 left)

Combat: Turn 3
----
Merlin randomly casts Poison on Mordred
 - Merlin spends 173 mana (and now has 24 left)

Combat: Turn 4
 - Mordred takes 3 damage (and has 7 left) {* Poison *}
----
Mordred attacks Merlin for 8 damage
 - Merlin takes 8 damage (and has 0 left)
** Merlin is dead!
** FAIL for 'winner':
  - got Mordred, exp Merlin
